\BOOKMARK [0][-]{section*.1}{ABSTRAK}{}% 1
\BOOKMARK [0][-]{section*.3}{ABSTRACT}{}% 2
\BOOKMARK [0][-]{section*.5}{KATA PENGANTAR}{}% 3
\BOOKMARK [0][-]{section*.8}{DAFTAR ISI}{}% 4
\BOOKMARK [0][-]{chapter*.9}{DAFTAR TABEL}{}% 5
\BOOKMARK [0][-]{chapter*.11}{DAFTAR GAMBAR}{}% 6
\BOOKMARK [0][-]{chapter.1}{PENDAHULUAN}{}% 7
\BOOKMARK [1][-]{section.1.1}{Latar Belakang}{chapter.1}% 8
\BOOKMARK [1][-]{section.1.2}{Rumusan Masalah}{chapter.1}% 9
\BOOKMARK [1][-]{section.1.3}{Hipotesis}{chapter.1}% 10
\BOOKMARK [1][-]{section.1.4}{Batasan Masalah}{chapter.1}% 11
\BOOKMARK [1][-]{section.1.5}{Tujuan Penelitian}{chapter.1}% 12
\BOOKMARK [1][-]{section.1.6}{Manfaat Penelitian}{chapter.1}% 13
\BOOKMARK [0][-]{chapter.2}{TINJAUAN PUSTAKA}{}% 14
\BOOKMARK [0][-]{chapter.3}{METODE PENELITIAN}{}% 15
\BOOKMARK [0][-]{chapter.4}{HASIL DAN PEMBAHASAN}{}% 16
\BOOKMARK [0][-]{chapter.5}{KESIMPULAN DAN SARAN}{}% 17
\BOOKMARK [1][-]{section.5.1}{Kesimpulan}{chapter.5}% 18
\BOOKMARK [1][-]{section.5.2}{Saran}{chapter.5}% 19
\BOOKMARK [0][-]{appendix.A}{Empirical Binary Entropies for Given Bit-Flipping Probabilities}{}% 20
\BOOKMARK [0][-]{figure.caption.15}{DAFTAR PUSTAKA}{}% 21
